This is XeTeX, Version 3.141592653-2.6-0.999996 (TeX Live 2024/Arch Linux) (preloaded format=xelatex 2024.6.6)  6 JUN 2024 04:10
entering extended mode
 restricted \write18 enabled.
 file:line:error style messages enabled.
 %&-line parsing enabled.
**/home/kuchy/PBAD/report/report.tex
(/home/kuchy/PBAD/report/report.tex
LaTeX2e <2023-11-01> patch level 1
L3 programming layer <2024-02-20>
(/usr/share/texmf-dist/tex/latex/base/article.cls
Document Class: article 2023/05/17 v1.4n Standard LaTeX document class
(/usr/share/texmf-dist/tex/latex/base/size12.clo
File: size12.clo 2023/05/17 v1.4n Standard LaTeX file (size option)
)
\c@part=\count184
\c@section=\count185
\c@subsection=\count186
\c@subsubsection=\count187
\c@paragraph=\count188
\c@subparagraph=\count189
\c@figure=\count190
\c@table=\count191
\abovecaptionskip=\skip48
\belowcaptionskip=\skip49
\bibindent=\dimen140
) (/usr/share/texmf-dist/tex/latex/float/float.sty
Package: float 2001/11/08 v1.3d Float enhancements (AL)
\c@float@type=\count192
\float@exts=\toks17
\float@box=\box51
\@float@everytoks=\toks18
\@floatcapt=\box52
) (/usr/share/texmf-dist/tex/latex/amsmath/amsmath.sty
Package: amsmath 2023/05/13 v2.17o AMS math features
\@mathmargin=\skip50

For additional information on amsmath, use the `?' option.
(/usr/share/texmf-dist/tex/latex/amsmath/amstext.sty
Package: amstext 2021/08/26 v2.01 AMS text
 (/usr/share/texmf-dist/tex/latex/amsmath/amsgen.sty
File: amsgen.sty 1999/11/30 v2.0 generic functions
\@emptytoks=\toks19
\ex@=\dimen141
)) (/usr/share/texmf-dist/tex/latex/amsmath/amsbsy.sty
Package: amsbsy 1999/11/29 v1.2d Bold Symbols
\pmbraise@=\dimen142
) (/usr/share/texmf-dist/tex/latex/amsmath/amsopn.sty
Package: amsopn 2022/04/08 v2.04 operator names
)
\inf@bad=\count193
LaTeX Info: Redefining \frac on input line 234.
\uproot@=\count194
\leftroot@=\count195
LaTeX Info: Redefining \overline on input line 399.
LaTeX Info: Redefining \colon on input line 410.
\classnum@=\count196
\DOTSCASE@=\count197
LaTeX Info: Redefining \ldots on input line 496.
LaTeX Info: Redefining \dots on input line 499.
LaTeX Info: Redefining \cdots on input line 620.
\Mathstrutbox@=\box53
\strutbox@=\box54
LaTeX Info: Redefining \big on input line 722.
LaTeX Info: Redefining \Big on input line 723.
LaTeX Info: Redefining \bigg on input line 724.
LaTeX Info: Redefining \Bigg on input line 725.
\big@size=\dimen143
LaTeX Font Info:    Redeclaring font encoding OML on input line 743.
LaTeX Font Info:    Redeclaring font encoding OMS on input line 744.
\macc@depth=\count198
LaTeX Info: Redefining \bmod on input line 905.
LaTeX Info: Redefining \pmod on input line 910.
LaTeX Info: Redefining \smash on input line 940.
LaTeX Info: Redefining \relbar on input line 970.
LaTeX Info: Redefining \Relbar on input line 971.
\c@MaxMatrixCols=\count199
\dotsspace@=\muskip16
\c@parentequation=\count266
\dspbrk@lvl=\count267
\tag@help=\toks20
\row@=\count268
\column@=\count269
\maxfields@=\count270
\andhelp@=\toks21
\eqnshift@=\dimen144
\alignsep@=\dimen145
\tagshift@=\dimen146
\tagwidth@=\dimen147
\totwidth@=\dimen148
\lineht@=\dimen149
\@envbody=\toks22
\multlinegap=\skip51
\multlinetaggap=\skip52
\mathdisplay@stack=\toks23
LaTeX Info: Redefining \[ on input line 2953.
LaTeX Info: Redefining \] on input line 2954.
) (/usr/share/texmf-dist/tex/latex/graphics/graphicx.sty
Package: graphicx 2021/09/16 v1.2d Enhanced LaTeX Graphics (DPC,SPQR)
 (/usr/share/texmf-dist/tex/latex/graphics/keyval.sty
Package: keyval 2022/05/29 v1.15 key=value parser (DPC)
\KV@toks@=\toks24
) (/usr/share/texmf-dist/tex/latex/graphics/graphics.sty
Package: graphics 2022/03/10 v1.4e Standard LaTeX Graphics (DPC,SPQR)
 (/usr/share/texmf-dist/tex/latex/graphics/trig.sty
Package: trig 2021/08/11 v1.11 sin cos tan (DPC)
) (/usr/share/texmf-dist/tex/latex/graphics-cfg/graphics.cfg
File: graphics.cfg 2016/06/04 v1.11 sample graphics configuration
)
Package graphics Info: Driver file: xetex.def on input line 107.
 (/usr/share/texmf-dist/tex/latex/graphics-def/xetex.def
File: xetex.def 2022/09/22 v5.0n Graphics/color driver for xetex
))
\Gin@req@height=\dimen150
\Gin@req@width=\dimen151
) (/usr/share/texmf-dist/tex/latex/hyperref/hyperref.sty
Package: hyperref 2024-01-20 v7.01h Hypertext links for LaTeX
 (/usr/share/texmf-dist/tex/generic/iftex/iftex.sty
Package: iftex 2022/02/03 v1.0f TeX engine tests
) (/usr/share/texmf-dist/tex/latex/kvsetkeys/kvsetkeys.sty
Package: kvsetkeys 2022-10-05 v1.19 Key value parser (HO)
) (/usr/share/texmf-dist/tex/generic/kvdefinekeys/kvdefinekeys.sty
Package: kvdefinekeys 2019-12-19 v1.6 Define keys (HO)
) (/usr/share/texmf-dist/tex/generic/pdfescape/pdfescape.sty
Package: pdfescape 2019/12/09 v1.15 Implements pdfTeX's escape features (HO)
 (/usr/share/texmf-dist/tex/generic/ltxcmds/ltxcmds.sty
Package: ltxcmds 2023-12-04 v1.26 LaTeX kernel commands for general use (HO)
) (/usr/share/texmf-dist/tex/generic/pdftexcmds/pdftexcmds.sty
Package: pdftexcmds 2020-06-27 v0.33 Utility functions of pdfTeX for LuaTeX (HO)
 (/usr/share/texmf-dist/tex/generic/infwarerr/infwarerr.sty
Package: infwarerr 2019/12/03 v1.5 Providing info/warning/error messages (HO)
)
Package pdftexcmds Info: \pdf@primitive is available.
Package pdftexcmds Info: \pdf@ifprimitive is available.
Package pdftexcmds Info: \pdfdraftmode not found.
)) (/usr/share/texmf-dist/tex/latex/hycolor/hycolor.sty
Package: hycolor 2020-01-27 v1.10 Color options for hyperref/bookmark (HO)
) (/usr/share/texmf-dist/tex/latex/auxhook/auxhook.sty
Package: auxhook 2019-12-17 v1.6 Hooks for auxiliary files (HO)
) (/usr/share/texmf-dist/tex/latex/hyperref/nameref.sty
Package: nameref 2023-11-26 v2.56 Cross-referencing by name of section
 (/usr/share/texmf-dist/tex/latex/refcount/refcount.sty
Package: refcount 2019/12/15 v3.6 Data extraction from label references (HO)
) (/usr/share/texmf-dist/tex/generic/gettitlestring/gettitlestring.sty
Package: gettitlestring 2019/12/15 v1.6 Cleanup title references (HO)
 (/usr/share/texmf-dist/tex/latex/kvoptions/kvoptions.sty
Package: kvoptions 2022-06-15 v3.15 Key value format for package options (HO)
))
\c@section@level=\count271
) (/usr/share/texmf-dist/tex/latex/etoolbox/etoolbox.sty
Package: etoolbox 2020/10/05 v2.5k e-TeX tools for LaTeX (JAW)
\etb@tempcnta=\count272
)
\@linkdim=\dimen152
\Hy@linkcounter=\count273
\Hy@pagecounter=\count274
 (/usr/share/texmf-dist/tex/latex/hyperref/pd1enc.def
File: pd1enc.def 2024-01-20 v7.01h Hyperref: PDFDocEncoding definition (HO)
) (/usr/share/texmf-dist/tex/generic/intcalc/intcalc.sty
Package: intcalc 2019/12/15 v1.3 Expandable calculations with integers (HO)
)
\Hy@SavedSpaceFactor=\count275
 (/usr/share/texmf-dist/tex/latex/hyperref/puenc.def
File: puenc.def 2024-01-20 v7.01h Hyperref: PDF Unicode definition (HO)
)
Package hyperref Info: Hyper figures OFF on input line 4179.
Package hyperref Info: Link nesting OFF on input line 4184.
Package hyperref Info: Hyper index ON on input line 4187.
Package hyperref Info: Plain pages OFF on input line 4194.
Package hyperref Info: Backreferencing OFF on input line 4199.
Package hyperref Info: Implicit mode ON; LaTeX internals redefined.
Package hyperref Info: Bookmarks ON on input line 4446.
\c@Hy@tempcnt=\count276
 (/usr/share/texmf-dist/tex/latex/url/url.sty
\Urlmuskip=\muskip17
Package: url 2013/09/16  ver 3.4  Verb mode for urls, etc.
)
LaTeX Info: Redefining \url on input line 4784.
\XeTeXLinkMargin=\dimen153
 (/usr/share/texmf-dist/tex/generic/bitset/bitset.sty
Package: bitset 2019/12/09 v1.3 Handle bit-vector datatype (HO)
 (/usr/share/texmf-dist/tex/generic/bigintcalc/bigintcalc.sty
Package: bigintcalc 2019/12/15 v1.5 Expandable calculations on big integers (HO)
))
\Fld@menulength=\count277
\Field@Width=\dimen154
\Fld@charsize=\dimen155
Package hyperref Info: Hyper figures OFF on input line 6063.
Package hyperref Info: Link nesting OFF on input line 6068.
Package hyperref Info: Hyper index ON on input line 6071.
Package hyperref Info: backreferencing OFF on input line 6078.
Package hyperref Info: Link coloring OFF on input line 6083.
Package hyperref Info: Link coloring with OCG OFF on input line 6088.
Package hyperref Info: PDF/A mode OFF on input line 6093.
 (/usr/share/texmf-dist/tex/latex/base/atbegshi-ltx.sty
Package: atbegshi-ltx 2021/01/10 v1.0c Emulation of the original atbegshi
package with kernel methods
)
\Hy@abspage=\count278
\c@Item=\count279
\c@Hfootnote=\count280
)
Package hyperref Info: Driver (autodetected): hxetex.
 (/usr/share/texmf-dist/tex/latex/hyperref/hxetex.def
File: hxetex.def 2024-01-20 v7.01h Hyperref driver for XeTeX
 (/usr/share/texmf-dist/tex/generic/stringenc/stringenc.sty
Package: stringenc 2019/11/29 v1.12 Convert strings between diff. encodings (HO)
)
\pdfm@box=\box55
\c@Hy@AnnotLevel=\count281
\HyField@AnnotCount=\count282
\Fld@listcount=\count283
\c@bookmark@seq@number=\count284
 (/usr/share/texmf-dist/tex/latex/rerunfilecheck/rerunfilecheck.sty
Package: rerunfilecheck 2022-07-10 v1.10 Rerun checks for auxiliary files (HO)
 (/usr/share/texmf-dist/tex/latex/base/atveryend-ltx.sty
Package: atveryend-ltx 2020/08/19 v1.0a Emulation of the original atveryend package
with kernel methods
) (/usr/share/texmf-dist/tex/generic/uniquecounter/uniquecounter.sty
Package: uniquecounter 2019/12/15 v1.4 Provide unlimited unique counter (HO)
)
Package uniquecounter Info: New unique counter `rerunfilecheck' on input line 285.
)
\Hy@SectionHShift=\skip53
) (/usr/share/texmf-dist/tex/latex/listings/listings.sty
\lst@mode=\count285
\lst@gtempboxa=\box56
\lst@token=\toks25
\lst@length=\count286
\lst@currlwidth=\dimen156
\lst@column=\count287
\lst@pos=\count288
\lst@lostspace=\dimen157
\lst@width=\dimen158
\lst@newlines=\count289
\lst@lineno=\count290
\lst@maxwidth=\dimen159
 (/usr/share/texmf-dist/tex/latex/listings/lstpatch.sty
File: lstpatch.sty 2024/02/21 1.10 (Carsten Heinz)
) (/usr/share/texmf-dist/tex/latex/listings/lstmisc.sty
File: lstmisc.sty 2024/02/21 1.10 (Carsten Heinz)
\c@lstnumber=\count291
\lst@skipnumbers=\count292
\lst@framebox=\box57
) (/usr/share/texmf-dist/tex/latex/listings/listings.cfg
File: listings.cfg 2024/02/21 1.10 listings configuration
))
Package: listings 2024/02/21 1.10 (Carsten Heinz)
 (/usr/share/texmf-dist/tex/latex/graphics/color.sty
Package: color 2022/01/06 v1.3d Standard LaTeX Color (DPC)
 (/usr/share/texmf-dist/tex/latex/graphics-cfg/color.cfg
File: color.cfg 2016/01/02 v1.6 sample color configuration
)
Package color Info: Driver file: xetex.def on input line 149.
 (/usr/share/texmf-dist/tex/latex/graphics/mathcolor.ltx)) (/usr/share/texmf-dist/tex/latex/booktabs/booktabs.sty
Package: booktabs 2020/01/12 v1.61803398 Publication quality tables
\heavyrulewidth=\dimen160
\lightrulewidth=\dimen161
\cmidrulewidth=\dimen162
\belowrulesep=\dimen163
\belowbottomsep=\dimen164
\aboverulesep=\dimen165
\abovetopsep=\dimen166
\cmidrulesep=\dimen167
\cmidrulekern=\dimen168
\defaultaddspace=\dimen169
\@cmidla=\count293
\@cmidlb=\count294
\@aboverulesep=\dimen170
\@belowrulesep=\dimen171
\@thisruleclass=\count295
\@lastruleclass=\count296
\@thisrulewidth=\dimen172
) (/usr/share/texmf-dist/tex/generic/babel/babel.sty
Package: babel 2024/02/07 v24.2 The Babel package
\babel@savecnt=\count297
\U@D=\dimen173
\l@unhyphenated=\language89
 (/usr/share/texmf-dist/tex/generic/babel/xebabel.def)
\bbl@readstream=\read2
\bbl@dirlevel=\count298
 (/usr/share/texmf-dist/tex/generic/babel-polish/polish.ldf
Language: polish 2022/03/12 1.3 Babel support for Polish
Package babel Info: Making " an active character on input line 101.
)) (/usr/share/texmf-dist/tex/generic/babel/locale/pl/babel-polish.tex
Package babel Info: Importing font and identification data for polish
(babel)             from babel-pl.ini. Reported on input line 11.
) (/usr/share/texmf-dist/tex/latex/base/fontenc.sty
Package: fontenc 2021/04/29 v2.0v Standard LaTeX package
LaTeX Font Info:    Trying to load font information for T1+lmr on input line 112.
 (/usr/share/texmf-dist/tex/latex/lm/t1lmr.fd
File: t1lmr.fd 2015/05/01 v1.6.1 Font defs for Latin Modern
)) (/usr/share/texmf-dist/tex/latex/l3backend/l3backend-xetex.def
File: l3backend-xetex.def 2024-02-20 L3 backend support: XeTeX
\g__graphics_track_int=\count299
\l__pdf_internal_box=\box58
\g__pdf_backend_object_int=\count300
\g__pdf_backend_annotation_int=\count301
\g__pdf_backend_link_int=\count302
) (./report.aux)
\openout1 = `report.aux'.

LaTeX Font Info:    Checking defaults for OML/cmm/m/it on input line 29.
LaTeX Font Info:    ... okay on input line 29.
LaTeX Font Info:    Checking defaults for OMS/cmsy/m/n on input line 29.
LaTeX Font Info:    ... okay on input line 29.
LaTeX Font Info:    Checking defaults for OT1/cmr/m/n on input line 29.
LaTeX Font Info:    ... okay on input line 29.
LaTeX Font Info:    Checking defaults for T1/cmr/m/n on input line 29.
LaTeX Font Info:    ... okay on input line 29.
LaTeX Font Info:    Checking defaults for TS1/cmr/m/n on input line 29.
LaTeX Font Info:    Trying to load font information for TS1+cmr on input line 29.
 (/usr/share/texmf-dist/tex/latex/base/ts1cmr.fd
File: ts1cmr.fd 2023/04/13 v2.5m Standard LaTeX font definitions
)
LaTeX Font Info:    ... okay on input line 29.
LaTeX Font Info:    Checking defaults for TU/lmr/m/n on input line 29.
LaTeX Font Info:    ... okay on input line 29.
LaTeX Font Info:    Checking defaults for OMX/cmex/m/n on input line 29.
LaTeX Font Info:    ... okay on input line 29.
LaTeX Font Info:    Checking defaults for U/cmr/m/n on input line 29.
LaTeX Font Info:    ... okay on input line 29.
LaTeX Font Info:    Checking defaults for PD1/pdf/m/n on input line 29.
LaTeX Font Info:    ... okay on input line 29.
LaTeX Font Info:    Checking defaults for PU/pdf/m/n on input line 29.
LaTeX Font Info:    ... okay on input line 29.
Package hyperref Info: Link coloring OFF on input line 29.
 (./report.out) (./report.out)
\@outlinefile=\write3
\openout3 = `report.out'.

\c@lstlisting=\count303

Missing character: There is no ł ("142) in font ec-lmr12!
Missing character: There is no ś ("15B) in font ec-lmbx12!
(./report.toc
Missing character: There is no ę ("119) in font ec-lmbx12!
Missing character: There is no ł ("142) in font ec-lmbx12!
)
\tf@toc=\write4
\openout4 = `report.toc'.


Missing character: There is no ł ("142) in font ec-lmr10!
Missing character: There is no ę ("119) in font ec-lmr10!
Missing character: There is no ą ("105) in font ec-lmr10!
Missing character: There is no ł ("142) in font ec-lmr10!
Missing character: There is no ł ("142) in font ec-lmr10!
Missing character: There is no ę ("119) in font ec-lmbx12!
Missing character: There is no ą ("105) in font ec-lmr12!
Missing character: There is no ł ("142) in font ec-lmr12!
Missing character: There is no ł ("142) in font ec-lmr12!
Missing character: There is no ł ("142) in font ec-lmr12!
Missing character: There is no ą ("105) in font ec-lmr12!
Missing character: There is no ł ("142) in font ec-lmr12!
Missing character: There is no ł ("142) in font ec-lmr12!
Missing character: There is no ę ("119) in font ec-lmr12!
Missing character: There is no ą ("105) in font ec-lmr12!
Missing character: There is no ą ("105) in font ec-lmr12!
Missing character: There is no ą ("105) in font ec-lmr12!
Missing character: There is no ń ("144) in font ec-lmr12!
[1

]
Missing character: There is no ą ("105) in font ec-lmr12!
Missing character: There is no ą ("105) in font ec-lmr12!
Missing character: There is no ę ("119) in font ec-lmr12!
Missing character: There is no ś ("15B) in font ec-lmr12!
Missing character: There is no ć ("107) in font ec-lmr12!
Missing character: There is no ż ("17C) in font ec-lmbx12!
Missing character: There is no ł ("142) in font ec-lmr12!
Missing character: There is no ą ("105) in font ec-lmr12!
Missing character: There is no ś ("15B) in font ec-lmr12!
Missing character: There is no ć ("107) in font ec-lmr12!
Missing character: There is no ć ("107) in font ec-lmr12!
Missing character: There is no ł ("142) in font ec-lmr12!
Missing character: There is no ą ("105) in font ec-lmr12!
Missing character: There is no ć ("107) in font ec-lmr12!
Missing character: There is no ć ("107) in font ec-lmr12!
Missing character: There is no ś ("15B) in font ec-lmr12!
Missing character: There is no ć ("107) in font ec-lmr12!
Missing character: There is no ł ("142) in font ec-lmbx12!
Missing character: There is no ą ("105) in font ec-lmr12!
Missing character: There is no ł ("142) in font ec-lmr12!
Missing character: There is no ś ("15B) in font ec-lmr12!
Missing character: There is no ą ("105) in font ec-lmr12!
Missing character: There is no ą ("105) in font ec-lmr12!
Missing character: There is no ć ("107) in font ec-lmr12!
Missing character: There is no ą ("105) in font ec-lmr12!
Missing character: There is no ą ("105) in font ec-lmr12!
Missing character: There is no ą ("105) in font ec-lmr12!
Missing character: There is no ą ("105) in font ec-lmr12!
Missing character: There is no ć ("107) in font ec-lmr12!
Missing character: There is no ł ("142) in font ec-lmr12!
Missing character: There is no ę ("119) in font ec-lmr12!
Missing character: There is no ć ("107) in font ec-lmr12!
Missing character: There is no ę ("119) in font ec-lmr12!
Missing character: There is no ą ("105) in font ec-lmr12!
Missing character: There is no ą ("105) in font ec-lmr12!
Missing character: There is no ę ("119) in font ec-lmr12!
Missing character: There is no ś ("15B) in font ec-lmr12!
Missing character: There is no ą ("105) in font ec-lmr12!
Missing character: There is no ę ("119) in font ec-lmr12!
Missing character: There is no ś ("15B) in font ec-lmr12!
Missing character: There is no ż ("17C) in font ec-lmr12!
Missing character: There is no ę ("119) in font ec-lmr12!
Missing character: There is no ą ("105) in font ec-lmr12!
Missing character: There is no ł ("142) in font ec-lmr12!
Missing character: There is no ś ("15B) in font ec-lmr12!
Missing character: There is no ł ("142) in font ec-lmr12!
Missing character: There is no ą ("105) in font ec-lmr12!
Missing character: There is no ś ("15B) in font ec-lmr12!
Missing character: There is no ś ("15B) in font ec-lmr12!
Missing character: There is no ś ("15B) in font ec-lmr12!
Missing character: There is no ą ("105) in font ec-lmr12!
Missing character: There is no ś ("15B) in font ec-lmr12!
Missing character: There is no ł ("142) in font ec-lmr12!
Missing character: There is no ę ("119) in font ec-lmr12!
Missing character: There is no ą ("105) in font ec-lmr12!
Missing character: There is no ł ("142) in font ec-lmr12!
Missing character: There is no ę ("119) in font ec-lmr12!
Missing character: There is no ą ("105) in font ec-lmr12!
Missing character: There is no ą ("105) in font ec-lmr12!
Missing character: There is no ć ("107) in font ec-lmr12!
Missing character: There is no ł ("142) in font ec-lmr12!
Missing character: There is no ę ("119) in font ec-lmr12!
Missing character: There is no ą ("105) in font ec-lmr12!
Missing character: There is no ą ("105) in font ec-lmr12!
Missing character: There is no ć ("107) in font ec-lmr12!
Missing character: There is no ą ("105) in font ec-lmr12!
Missing character: There is no ą ("105) in font ec-lmr12!
Missing character: There is no ń ("144) in font ec-lmr12!
Missing character: There is no ł ("142) in font ec-lmr12!
Missing character: There is no ą ("105) in font ec-lmr12!
Missing character: There is no ę ("119) in font ec-lmr12!
Missing character: There is no ś ("15B) in font ec-lmr12!

Overfull \hbox (6.29964pt too wide) in paragraph at lines 57--63
\T1/lmr/m/n/12 Na pocz-tku ar-ty-kuu przed-sta-wiamy, dla-czego wy-bra-limy taki te-mat, co chcemy
 []

Missing character: There is no ł ("142) in font ec-lmr12!
Missing character: There is no ś ("15B) in font ec-lmr12!
Missing character: There is no ę ("119) in font ec-lmr12!
Missing character: There is no ą ("105) in font ec-lmr12!
Missing character: There is no ż ("17C) in font ec-lmr12!
Missing character: There is no ż ("17C) in font ec-lmr12!
Missing character: There is no ć ("107) in font ec-lmr12!
Missing character: There is no ś ("15B) in font ec-lmr12!
Missing character: There is no ł ("142) in font ec-lmr12!
Missing character: There is no ż ("17C) in font ec-lmr12!
Missing character: There is no ą ("105) in font ec-lmr12!
Missing character: There is no ł ("142) in font ec-lmr12!
Missing character: There is no ą ("105) in font ec-lmr12!
Missing character: There is no ć ("107) in font ec-lmr12!
[2]
Missing character: There is no ł ("142) in font ec-lmr12!
Missing character: There is no ł ("142) in font ec-lmr12!
Missing character: There is no ą ("105) in font ec-lmr12!
Missing character: There is no ł ("142) in font ec-lmr12!
Missing character: There is no ł ("142) in font ec-lmr12!
Missing character: There is no ę ("119) in font ec-lmr12!
Missing character: There is no ł ("142) in font ec-lmr12!
Missing character: There is no ś ("15B) in font ec-lmr12!
Missing character: There is no ż ("17C) in font ec-lmr12!
Missing character: There is no ś ("15B) in font ec-lmr12!
Missing character: There is no ę ("119) in font ec-lmr12!
Missing character: There is no ł ("142) in font ec-lmr12!
Missing character: There is no ł ("142) in font ec-lmr12!
Missing character: There is no ę ("119) in font ec-lmr12!
Missing character: There is no ł ("142) in font ec-lmr12!
Missing character: There is no ą ("105) in font ec-lmr12!
Missing character: There is no ś ("15B) in font ec-lmr12!
Missing character: There is no ś ("15B) in font ec-lmr12!
Missing character: There is no ć ("107) in font ec-lmr12!
Missing character: There is no ę ("119) in font ec-lmr12!
Missing character: There is no ż ("17C) in font ec-lmr12!
Missing character: There is no ę ("119) in font ec-lmr12!
Missing character: There is no ć ("107) in font ec-lmr12!
Missing character: There is no ż ("17C) in font ec-lmr12!
Missing character: There is no ę ("119) in font ec-lmr12!
Missing character: There is no ł ("142) in font ec-lmr12!
Missing character: There is no ą ("105) in font ec-lmr12!
Missing character: There is no ś ("15B) in font ec-lmr12!
Missing character: There is no ż ("17C) in font ec-lmr12!
Missing character: There is no ś ("15B) in font ec-lmr12!
Missing character: There is no ć ("107) in font ec-lmr12!
Missing character: There is no ’ ("2019) in font ec-lmbx12!
Missing character: There is no ł ("142) in font ec-lmr12!
Missing character: There is no ą ("105) in font ec-lmr12!
Missing character: There is no ł ("142) in font ec-lmr12!
Missing character: There is no ą ("105) in font ec-lmr12!
Missing character: There is no ś ("15B) in font ec-lmr12!
Missing character: There is no ę ("119) in font ec-lmr12!
Missing character: There is no ę ("119) in font ec-lmr12!
Missing character: There is no ż ("17C) in font ec-lmr12!
Missing character: There is no ę ("119) in font ec-lmr12!
Missing character: There is no ś ("15B) in font ec-lmr12!
Missing character: There is no ę ("119) in font ec-lmr12!
Missing character: There is no ż ("17C) in font ec-lmr12!
Missing character: There is no ś ("15B) in font ec-lmr12!
Missing character: There is no ć ("107) in font ec-lmr12!
Missing character: There is no ę ("119) in font ec-lmr12!
Missing character: There is no ę ("119) in font ec-lmr12!
Missing character: There is no ż ("17C) in font ec-lmr12!
Missing character: There is no ł ("142) in font ec-lmr12!
Missing character: There is no ą ("105) in font ec-lmr12!
Missing character: There is no ą ("105) in font ec-lmr12!
Missing character: There is no ą ("105) in font ec-lmr12!
Missing character: There is no ą ("105) in font ec-lmr12!
Missing character: There is no ł ("142) in font ec-lmr12!
Missing character: There is no ą ("105) in font ec-lmr12!
Missing character: There is no ł ("142) in font ec-lmr12!
Missing character: There is no ś ("15B) in font ec-lmr12!
Missing character: There is no ł ("142) in font ec-lmr12!
Missing character: There is no ę ("119) in font ec-lmr12!
Missing character: There is no ł ("142) in font ec-lmr12!
Missing character: There is no ą ("105) in font ec-lmr12!
Missing character: There is no ę ("119) in font ec-lmr12!
Missing character: There is no ś ("15B) in font ec-lmr12!
[3]
Missing character: There is no ś ("15B) in font ec-lmr12!
Missing character: There is no ś ("15B) in font ec-lmr12!
Missing character: There is no ł ("142) in font ec-lmr12!
Missing character: There is no ę ("119) in font ec-lmr12!
Missing character: There is no ś ("15B) in font ec-lmr12!
Missing character: There is no ł ("142) in font ec-lmr12!
Missing character: There is no ł ("142) in font ec-lmr12!
Missing character: There is no ą ("105) in font ec-lmr12!
Missing character: There is no ś ("15B) in font ec-lmr12!
Missing character: There is no ś ("15B) in font ec-lmr12!
Missing character: There is no ą ("105) in font ec-lmr12!
Missing character: There is no ę ("119) in font ec-lmr12!
Missing character: There is no ą ("105) in font ec-lmr12!
Missing character: There is no ś ("15B) in font ec-lmr12!
File: gus.jpg Graphic file (type bmp)
<gus.jpg>

Overfull \hbox (120.97589pt too wide) in paragraph at lines 81--88
 []\T1/lmr/bx/n/12 Zbieranie da-nych[] \T1/lmr/m/n/12 Wszyst-kie dane po-bie-ra-limy ze strony GUS-u: []https://bdl.stat.gov.pl/bdl/start[]
 []

Missing character: There is no ą ("105) in font ec-lmr12!
File: dane3.png Graphic file (type bmp)
<dane3.png>
File: dane4.png Graphic file (type bmp)
<dane4.png>
[4]
Missing character: There is no ż ("17C) in font ec-lmr12!
Missing character: There is no ś ("15B) in font ec-lmr12!
Missing character: There is no ą ("105) in font ec-lmr12!
File: dane5.png Graphic file (type bmp)
<dane5.png>
[5] [6]
Missing character: There is no ś ("15B) in font ec-lmr12!
Missing character: There is no ć ("107) in font ec-lmr12!
Missing character: There is no ś ("15B) in font ec-lmr12!
Missing character: There is no ą ("105) in font ec-lmr12!
Missing character: There is no ł ("142) in font ec-lmr12!
Missing character: There is no ą ("105) in font ec-lmr12!
Missing character: There is no ś ("15B) in font ec-lmr12!
Missing character: There is no ś ("15B) in font ec-lmr12!
Missing character: There is no ś ("15B) in font ec-lmr12!
Missing character: There is no ł ("142) in font ec-lmr12!
Missing character: There is no ż ("17C) in font ec-lmr12!
Missing character: There is no ć ("107) in font ec-lmr12!
Missing character: There is no ł ("142) in font ec-lmr12!
Missing character: There is no ś ("15B) in font ec-lmr12!
Missing character: There is no ć ("107) in font ec-lmr12!
Missing character: There is no ł ("142) in font ec-lmr12!
Missing character: There is no ł ("142) in font ec-lmr12!
Missing character: There is no ć ("107) in font ec-lmr12!
Missing character: There is no ę ("119) in font ec-lmr12!
Missing character: There is no ś ("15B) in font ec-lmr12!
Missing character: There is no ć ("107) in font ec-lmr12!
[7]
Missing character: There is no ł ("142) in font ec-lmr12!
Missing character: There is no ś ("15B) in font ec-lmr12!
Missing character: There is no ć ("107) in font ec-lmr12!
Missing character: There is no ś ("15B) in font ec-lmr12!
Missing character: There is no Ś ("15A) in font ec-lmr12!
Missing character: There is no ś ("15B) in font ec-lmr12!
Missing character: There is no ą ("105) in font ec-lmr12!
Missing character: There is no ś ("15B) in font ec-lmr12!
Missing character: There is no ł ("142) in font ec-lmr12!
Missing character: There is no ę ("119) in font ec-lmr12!
Missing character: There is no ś ("15B) in font ec-lmr12!
Missing character: There is no ś ("15B) in font ec-lmr12!
Missing character: There is no ł ("142) in font ec-lmr12!
Missing character: There is no ł ("142) in font ec-lmr12!
Missing character: There is no ą ("105) in font ec-lmr12!
Missing character: There is no ś ("15B) in font ec-lmr12!
Missing character: There is no ł ("142) in font ec-lmr12!
Missing character: There is no ę ("119) in font ec-lmr12!
Missing character: There is no ś ("15B) in font ec-lmr12!
LaTeX Font Info:    Trying to load font information for T1+lmtt on input line 136.
(/usr/share/texmf-dist/tex/latex/lm/t1lmtt.fd
File: t1lmtt.fd 2015/05/01 v1.6.1 Font defs for Latin Modern
)
Missing character: There is no ś ("15B) in font ec-lmr12!
Missing character: There is no ą ("105) in font ec-lmr12!
Missing character: There is no ą ("105) in font ec-lmr12!
Missing character: There is no ę ("119) in font ec-lmr12!
Missing character: There is no ł ("142) in font ec-lmr12!
Missing character: There is no ą ("105) in font ec-lmr12!
Missing character: There is no ł ("142) in font ec-lmr12!
Missing character: There is no ę ("119) in font ec-lmr12!
Missing character: There is no ś ("15B) in font ec-lmr12!
File: output.png Graphic file (type bmp)
<output.png>
Missing character: There is no ł ("142) in font ec-lmr12!
Missing character: There is no ą ("105) in font ec-lmr12!
Missing character: There is no ł ("142) in font ec-lmr12!
Missing character: There is no ę ("119) in font ec-lmr12!
Missing character: There is no ś ("15B) in font ec-lmr12!
File: output2.png Graphic file (type bmp)
<output2.png>
[8]
Missing character: There is no ś ("15B) in font ec-lmr12!
Missing character: There is no ń ("144) in font ec-lmr12!
Missing character: There is no ą ("105) in font ec-lmr12!
Missing character: There is no ę ("119) in font ec-lmr12!
Missing character: There is no ę ("119) in font ec-lmr12!
Missing character: There is no ś ("15B) in font ec-lmr12!
Missing character: There is no ś ("15B) in font ec-lmr12!
Missing character: There is no ń ("144) in font ec-lmr12!
Missing character: There is no ą ("105) in font ec-lmr12!
Missing character: There is no ę ("119) in font ec-lmr12!
Missing character: There is no ę ("119) in font ec-lmr12!
Missing character: There is no ś ("15B) in font ec-lmr12!
File: output3.png Graphic file (type bmp)
<output3.png>
[9] [10]
Missing character: There is no ż ("17C) in font ec-lmr12!
Missing character: There is no ł ("142) in font ec-lmr12!
Missing character: There is no ę ("119) in font ec-lmr12!
Missing character: There is no ą ("105) in font ec-lmr12!
Missing character: There is no ś ("15B) in font ec-lmr12!
Missing character: There is no ą ("105) in font ec-lmr12!
Missing character: There is no ł ("142) in font ec-lmr12!
Missing character: There is no ś ("15B) in font ec-lmbx12!
Missing character: There is no ć ("107) in font ec-lmbx12!
Missing character: There is no ś ("15B) in font ec-lmr12!
Missing character: There is no ś ("15B) in font ec-lmr12!
Missing character: There is no ł ("142) in font ec-lmr12!
Missing character: There is no ą ("105) in font ec-lmr12!
Missing character: There is no ł ("142) in font ec-lmr12!
Missing character: There is no ś ("15B) in font ec-lmr12!
Missing character: There is no ś ("15B) in font ec-lmr12!
Missing character: There is no ę ("119) in font ec-lmr12!
Missing character: There is no ś ("15B) in font ec-lmr12!
Missing character: There is no ł ("142) in font ec-lmr12!
Missing character: There is no ą ("105) in font ec-lmr12!
[11]
Missing character: There is no ł ("142) in font ec-lmr12!
Missing character: There is no ę ("119) in font ec-lmr12!
Missing character: There is no ć ("107) in font ec-lmr12!
Missing character: There is no ł ("142) in font ec-lmr12!
Missing character: There is no ą ("105) in font ec-lmr12!
Missing character: There is no ć ("107) in font ec-lmr12!
Missing character: There is no ś ("15B) in font ec-lmr12!
Missing character: There is no ł ("142) in font ec-lmr12!
Missing character: There is no ć ("107) in font ec-lmr12!
Missing character: There is no ł ("142) in font ec-lmr12!
Missing character: There is no ł ("142) in font ec-lmr12!
Missing character: There is no ś ("15B) in font ec-lmr12!
Missing character: There is no ś ("15B) in font ec-lmr12!
Missing character: There is no ł ("142) in font ec-lmr12!
Missing character: There is no ę ("119) in font ec-lmr12!
Missing character: There is no ł ("142) in font ec-lmbx12!
Missing character: There is no ż ("17C) in font ec-lmr12!
Missing character: There is no ą ("105) in font ec-lmr12!
Missing character: There is no ą ("105) in font ec-lmr12!
Missing character: There is no ł ("142) in font ec-lmr12!
Missing character: There is no ą ("105) in font ec-lmr12!
Missing character: There is no ą ("105) in font ec-lmr12!
Missing character: There is no ś ("15B) in font ec-lmr12!
Missing character: There is no ł ("142) in font ec-lmr12!
Missing character: There is no ś ("15B) in font ec-lmbx12!
Missing character: There is no ę ("119) in font ec-lmr12!
Missing character: There is no ś ("15B) in font ec-lmr12!
Missing character: There is no ć ("107) in font ec-lmr12!
Missing character: There is no ś ("15B) in font ec-lmbx12!
Missing character: There is no ś ("15B) in font ec-lmr12!
Missing character: There is no ą ("105) in font ec-lmr12!
Missing character: There is no ł ("142) in font ec-lmr12!
Missing character: There is no ą ("105) in font ec-lmr12!
Missing character: There is no ś ("15B) in font ec-lmr12!
Missing character: There is no ż ("17C) in font ec-lmr12!
Missing character: There is no ę ("119) in font ec-lmr12!
Missing character: There is no ą ("105) in font ec-lmr12!
Missing character: There is no ż ("17C) in font ec-lmbx12!
Missing character: There is no ś ("15B) in font ec-lmbx12!
Missing character: There is no ę ("119) in font ec-lmbx12!
Missing character: There is no ł ("142) in font ec-lmr12!
Missing character: There is no ł ("142) in font ec-lmr12!
Missing character: There is no ś ("15B) in font ec-lmr12!
Missing character: There is no ą ("105) in font ec-lmr12!
Missing character: There is no ę ("119) in font ec-lmr12!
Missing character: There is no ł ("142) in font ec-lmr12!
Missing character: There is no ł ("142) in font ec-lmr12!
Missing character: There is no ł ("142) in font ec-lmr12!
Missing character: There is no ż ("17C) in font ec-lmr12!
Missing character: There is no ę ("119) in font ec-lmr12!
Missing character: There is no ą ("105) in font ec-lmr12!
Missing character: There is no ż ("17C) in font ec-lmr12!
Missing character: There is no ł ("142) in font ec-lmr12!
Missing character: There is no ń ("144) in font ec-lmr12!
Missing character: There is no ż ("17C) in font ec-lmr12!
Missing character: There is no ą ("105) in font ec-lmr12!
[12]
Missing character: There is no ł ("142) in font ec-lmr12!
Missing character: There is no ą ("105) in font ec-lmr12!
Missing character: There is no ę ("119) in font ec-lmr12!
Missing character: There is no ż ("17C) in font ec-lmr12!
Missing character: There is no ę ("119) in font ec-lmr12!
Missing character: There is no ś ("15B) in font ec-lmr12!
Missing character: There is no ć ("107) in font ec-lmr12!
Missing character: There is no ę ("119) in font ec-lmr12!
Missing character: There is no ą ("105) in font ec-lmr12!
Missing character: There is no ę ("119) in font ec-lmr12!
Missing character: There is no ś ("15B) in font ec-lmr12!
Missing character: There is no ż ("17C) in font ec-lmr12!
Missing character: There is no ł ("142) in font ec-lmr12!
Missing character: There is no ż ("17C) in font ec-lmr12!
Missing character: There is no ś ("15B) in font ec-lmr12!
Missing character: There is no ę ("119) in font ec-lmr12!
Missing character: There is no ś ("15B) in font ec-lmr12!
Missing character: There is no ą ("105) in font ec-lmr12!
Missing character: There is no ś ("15B) in font ec-lmr12!
Missing character: There is no ą ("105) in font ec-lmr12!
Missing character: There is no ł ("142) in font ec-lmr12!
Missing character: There is no ć ("107) in font ec-lmr12!
Missing character: There is no ł ("142) in font ec-lmr12!
Missing character: There is no ś ("15B) in font ec-lmr12!
Missing character: There is no ć ("107) in font ec-lmr12!
Missing character: There is no ł ("142) in font ec-lmr12!
Missing character: There is no ł ("142) in font ec-lmr12!
Missing character: There is no ż ("17C) in font ec-lmr12!
Missing character: There is no ż ("17C) in font ec-lmr12!
Missing character: There is no ć ("107) in font ec-lmr12!
Missing character: There is no ę ("119) in font ec-lmr12!
Missing character: There is no ć ("107) in font ec-lmr12!
Missing character: There is no ś ("15B) in font ec-lmr12!
Missing character: There is no ć ("107) in font ec-lmr12!
(./report.bbl
Missing character: There is no ’ ("2019) in font ec-lmr12!
Missing character: There is no ż ("17C) in font ec-lmr12!
Missing character: There is no ń ("144) in font ec-lmr12!
Missing character: There is no ł ("142) in font ec-lmr12!
Missing character: There is no ł ("142) in font ec-lmr12!
Missing character: There is no ś ("15B) in font ec-lmr12!
Missing character: There is no ł ("142) in font ec-lmr12!
Missing character: There is no Š ("160) in font ec-lmr12!
Missing character: There is no ć ("107) in font ec-lmr12!
[13]) [14] (./report.aux)
 ***********
LaTeX2e <2023-11-01> patch level 1
L3 programming layer <2024-02-20>
 ***********
Package rerunfilecheck Info: File `report.out' has not changed.
(rerunfilecheck)             Checksum: 32F2BC88091AA1FC1FA69BA8B4B74412;712.
 ) 
Here is how much of TeX's memory you used:
 11781 strings out of 474773
 182575 string characters out of 5763520
 1934839 words of memory out of 5000000
 33787 multiletter control sequences out of 15000+600000
 592175 words of font info for 66 fonts, out of 8000000 for 9000
 1348 hyphenation exceptions out of 8191
 72i,8n,79p,584b,930s stack positions out of 10000i,1000n,20000p,200000b,200000s

Output written on report.xdv (14 pages, 28832 bytes).
